This is pdfTeX, Version 3.14159265-2.6-1.40.20 (MiKTeX 2.9.7050 64-bit) (preloaded format=pdflatex 2019.7.22)  8 AUG 2019 23:37
entering extended mode
**./main.tex
(main.tex
LaTeX2e <2018-12-01>
("C:\Program Files\MiKTeX 2.9\tex/latex/base\article.cls"
Document Class: article 2018/09/03 v1.4i Standard LaTeX document class
("C:\Program Files\MiKTeX 2.9\tex/latex/base\size11.clo"
File: size11.clo 2018/09/03 v1.4i Standard LaTeX file (size option)
)
\c@part=\count80
\c@section=\count81
\c@subsection=\count82
\c@subsubsection=\count83
\c@paragraph=\count84
\c@subparagraph=\count85
\c@figure=\count86
\c@table=\count87
\abovecaptionskip=\skip41
\belowcaptionskip=\skip42
\bibindent=\dimen102
)
("C:\Program Files\MiKTeX 2.9\tex/generic/babel\babel.sty"
Package: babel 2019/06/03 3.32 The Babel package

("C:\Program Files\MiKTeX 2.9\tex/generic/babel\switch.def"
File: switch.def 2019/06/03 3.32 Babel switching mechanism
)
*************************************
* Local config file bblopts.cfg used
*
("C:\Users\David Ordine\AppData\Roaming\MiKTeX\2.9\tex/latex/arabi\bblopts.cfg"
File: bblopts.cfg 2005/09/08 v0.1 add Arabic and Farsi to "declared" options of
 babel
)
("C:\Users\David Ordine\AppData\Roaming\MiKTeX\2.9\tex/latex/babel-portuges\por
tuges.ldf"
Language: portuges 2008/03/18 v1.2q Portuguese support from the babel system
 ("C:\Program Files\MiKTeX 2.9\tex/generic/babel\babel.def"
File: babel.def 2019/06/03 3.32 Babel common definitions
\babel@savecnt=\count88
\U@D=\dimen103

("C:\Program Files\MiKTeX 2.9\tex/generic/babel\txtbabel.def")
\bbl@dirlevel=\count89
)
Package babel Info: Making " an active character on input line 145.
))
("C:\Program Files\MiKTeX 2.9\tex/latex/base\inputenc.sty"
Package: inputenc 2018/08/11 v1.3c Input encoding file
\inpenc@prehook=\toks14
\inpenc@posthook=\toks15
)
("C:\Users\David Ordine\AppData\Roaming\MiKTeX\2.9\tex/latex/mathdesign\mathdes
ign.sty"
Package: mathdesign 2013/08/29 v2.31 Math Design Project
 ("C:\Program Files\MiKTeX 2.9\tex/latex/graphics\keyval.sty"
Package: keyval 2014/10/28 v1.15 key=value parser (DPC)
\KV@toks@=\toks16
)
("C:\Program Files\MiKTeX 2.9\tex/latex/base\ifthen.sty"
Package: ifthen 2014/09/29 v1.1c Standard LaTeX ifthen package (DPC)
)
("C:\Users\David Ordine\AppData\Roaming\MiKTeX\2.9\tex/latex/mathdesign/mdbch\m
dbch.cfg")
("C:\Users\David Ordine\AppData\Roaming\MiKTeX\2.9\tex/latex/mathdesign/mdbch\m
dbch.sty"
Package: mdbch 2013/08/29 v2.31 bitstream bitstream charter + mdbch (Math Desig
n Project)

("C:\Users\David Ordine\AppData\Roaming\MiKTeX\2.9\tex/latex/mathdesign\mdfont.
def"
File: mdfont.def 2013/08/29 v2.31 (Math Design Project)
)
("C:\Users\David Ordine\AppData\Roaming\MiKTeX\2.9\tex/latex/mathdesign\mdsffon
t.def"
File: mdsffont.def 2013/08/29 v2.31 (Math Design Project)
)
("C:\Users\David Ordine\AppData\Roaming\MiKTeX\2.9\tex/latex/mathdesign\mdttfon
t.def"
File: mdttfont.def 2013/08/29 v2.31 (Math Design Project)
)
\symmdcal=\mathgroup4
LaTeX Font Info:    Overwriting symbol font `mdcal' in version `bold'
(Font)                  OMS/mdbch/m/n --> OMS/mdbch/b/n on input line 97.
\symmdscr=\mathgroup5
LaTeX Font Info:    Overwriting symbol font `mdscr' in version `bold'
(Font)                  OMS/mdbch/m/n --> OMS/mdbch/b/n on input line 103.
LaTeX Font Info:    Overwriting math alphabet `\mathfrak' in version `bold'
(Font)                  U/xmdeuf/m/n --> U/xmdeuf/b/n on input line 110.
LaTeX Font Info:    Overwriting symbol font `operators' in version `normal'
(Font)                  OT1/cmr/m/n --> OT1/mdbch/m/n on input line 121.
LaTeX Font Info:    Overwriting symbol font `letters' in version `normal'
(Font)                  OML/cmm/m/it --> OML/mdbch/m/it on input line 122.
LaTeX Font Info:    Overwriting symbol font `symbols' in version `normal'
(Font)                  OMS/cmsy/m/n --> OMS/mdbch/m/n on input line 123.
LaTeX Font Info:    Overwriting symbol font `largesymbols' in version `normal'
(Font)                  OMX/cmex/m/n --> OMX/mdbch/m/n on input line 124.
LaTeX Font Info:    Overwriting symbol font `operators' in version `bold'
(Font)                  OT1/cmr/bx/n --> OT1/mdbch/b/n on input line 126.
LaTeX Font Info:    Overwriting symbol font `letters' in version `bold'
(Font)                  OML/cmm/b/it --> OML/mdbch/b/it on input line 127.
LaTeX Font Info:    Overwriting symbol font `symbols' in version `bold'
(Font)                  OMS/cmsy/b/n --> OMS/mdbch/b/n on input line 128.
LaTeX Font Info:    Overwriting symbol font `largesymbols' in version `bold'
(Font)                  OMX/cmex/m/n --> OMX/mdbch/b/n on input line 129.
LaTeX Font Info:    Overwriting math alphabet `\mathrm' in version `normal'
(Font)                  OT1/mdbch/m/n --> OT1/mdbch/m/n on input line 131.
LaTeX Font Info:    Overwriting math alphabet `\mathbf' in version `normal'
(Font)                  OT1/cmr/bx/n --> OT1/mdbch/b/n on input line 132.
LaTeX Font Info:    Overwriting math alphabet `\mathit' in version `normal'
(Font)                  OT1/cmr/m/it --> OT1/mdbch/m/it on input line 133.
LaTeX Font Info:    Overwriting math alphabet `\mathsf' in version `normal'
(Font)                  OT1/cmss/m/n --> OT1/cmss/m/n on input line 134.
LaTeX Font Info:    Overwriting math alphabet `\mathtt' in version `normal'
(Font)                  OT1/cmtt/m/n --> OT1/cmtt/m/n on input line 135.
LaTeX Font Info:    Overwriting math alphabet `\mathrm' in version `bold'
(Font)                  OT1/mdbch/b/n --> OT1/mdbch/b/n on input line 137.
LaTeX Font Info:    Overwriting math alphabet `\mathbf' in version `bold'
(Font)                  OT1/cmr/bx/n --> OT1/mdbch/b/n on input line 138.
LaTeX Font Info:    Overwriting math alphabet `\mathit' in version `bold'
(Font)                  OT1/cmr/bx/it --> OT1/mdbch/b/it on input line 139.
LaTeX Font Info:    Overwriting math alphabet `\mathsf' in version `bold'
(Font)                  OT1/cmss/bx/n --> OT1/cmss/b/n on input line 140.
LaTeX Font Info:    Overwriting math alphabet `\mathtt' in version `bold'
(Font)                  OT1/cmtt/m/n --> OT1/cmtt/b/n on input line 141.
\symlettersupright=\mathgroup6
LaTeX Font Info:    Overwriting symbol font `lettersupright' in version `bold'
(Font)                  OML/mdbch/m/n --> OML/mdbch/b/n on input line 144.
LaTeX Font Info:    Redeclaring math alphabet \mathrm on input line 145.
LaTeX Font Info:    Overwriting math alphabet `\mathcal' in version `normal'
(Font)                  OMS/mdbch/m/n --> OMS/mdbch/m/n on input line 167.
 ("C:\Program Files\MiKTeX 2.9\tex/latex/xkeyval\xkeyval.sty"
Package: xkeyval 2014/12/03 v2.7a package option processing (HA)

("C:\Program Files\MiKTeX 2.9\tex/generic/xkeyval\xkeyval.tex"
("C:\Program Files\MiKTeX 2.9\tex/generic/xkeyval\xkvutils.tex"
\XKV@toks=\toks17
\XKV@tempa@toks=\toks18
)
\XKV@depth=\count90
File: xkeyval.tex 2014/12/03 v2.7a key=value parser (HA)
))
LaTeX Font Info:    Try loading font information for OT1+mdbch on input line 18
6.

("C:\Users\David Ordine\AppData\Roaming\MiKTeX\2.9\tex/latex/mathdesign/mdbch\o
t1mdbch.fd"
File: ot1mdbch.fd 2013/08/29 Fontinst v1.933 font definitions for OT1/mdbch.
)
LaTeX Font Info:    Font shape `OT1/mdbch/m/n' will be
(Font)              scaled to size 10.51207pt on input line 186.
LaTeX Font Info:    Redeclaring math accent \widetilde on input line 449.
LaTeX Font Info:    Redeclaring math accent \widehat on input line 450.
Now handling font encoding MDA ...
... no UTF-8 mapping file for font encoding MDA
\symmathdesignA=\mathgroup7
LaTeX Font Info:    Overwriting symbol font `mathdesignA' in version `bold'
(Font)                  MDA/mdbch/m/n --> MDA/mdbch/b/n on input line 491.
Now handling font encoding MDB ...
... no UTF-8 mapping file for font encoding MDB
\symmathdesignB=\mathgroup8
LaTeX Font Info:    Overwriting symbol font `mathdesignB' in version `bold'
(Font)                  MDB/mdbch/m/n --> MDB/mdbch/b/n on input line 498.
\@emptytoks=\toks19
LaTeX Font Info:    Redeclaring math accent \widetilde on input line 532.
LaTeX Font Info:    Redeclaring math accent \widehat on input line 533.
\rulethickness=\skip43
) ("C:\Program Files\MiKTeX 2.9\tex/latex/base\fontenc.sty"
Package: fontenc 2018/08/11 v2.0j Standard LaTeX package

("C:\Program Files\MiKTeX 2.9\tex/latex/base\t1enc.def"
File: t1enc.def 2018/08/11 v2.0j Standard LaTeX file
LaTeX Font Info:    Redeclaring font encoding T1 on input line 48.
)
LaTeX Font Info:    Try loading font information for T1+mdbch on input line 105
.

("C:\Users\David Ordine\AppData\Roaming\MiKTeX\2.9\tex/latex/mathdesign/mdbch\t
1mdbch.fd"
File: t1mdbch.fd 2013/08/29 Fontinst v1.933 font definitions for T1/mdbch.
)
LaTeX Font Info:    Font shape `T1/mdbch/m/n' will be
(Font)              scaled to size 10.51207pt on input line 105.
)) ("C:\Program Files\MiKTeX 2.9\tex/latex/multirow\multirow.sty"
Package: multirow 2019/05/31 v2.5 Span multiple rows of a table
\multirow@colwidth=\skip44
\multirow@cntb=\count91
\multirow@dima=\skip45
\bigstrutjot=\dimen104
)
("C:\Program Files\MiKTeX 2.9\tex/latex/hyperref\hyperref.sty"
Package: hyperref 2018/11/30 v6.88e Hypertext links for LaTeX

("C:\Program Files\MiKTeX 2.9\tex/generic/oberdiek\hobsub-hyperref.sty"
Package: hobsub-hyperref 2016/05/16 v1.14 Bundle oberdiek, subset hyperref (HO)


("C:\Program Files\MiKTeX 2.9\tex/generic/oberdiek\hobsub-generic.sty"
Package: hobsub-generic 2016/05/16 v1.14 Bundle oberdiek, subset generic (HO)
Package: hobsub 2016/05/16 v1.14 Construct package bundles (HO)
Package: infwarerr 2016/05/16 v1.4 Providing info/warning/error messages (HO)
Package: ltxcmds 2016/05/16 v1.23 LaTeX kernel commands for general use (HO)
Package: ifluatex 2016/05/16 v1.4 Provides the ifluatex switch (HO)
Package ifluatex Info: LuaTeX not detected.
Package: ifvtex 2016/05/16 v1.6 Detect VTeX and its facilities (HO)
Package ifvtex Info: VTeX not detected.
Package: intcalc 2016/05/16 v1.2 Expandable calculations with integers (HO)
Package: ifpdf 2018/09/07 v3.3 Provides the ifpdf switch
Package: etexcmds 2016/05/16 v1.6 Avoid name clashes with e-TeX commands (HO)
Package: kvsetkeys 2016/05/16 v1.17 Key value parser (HO)
Package: kvdefinekeys 2016/05/16 v1.4 Define keys (HO)
Package: pdftexcmds 2018/09/10 v0.29 Utility functions of pdfTeX for LuaTeX (HO
)
Package pdftexcmds Info: LuaTeX not detected.
Package pdftexcmds Info: \pdf@primitive is available.
Package pdftexcmds Info: \pdf@ifprimitive is available.
Package pdftexcmds Info: \pdfdraftmode found.
Package: pdfescape 2016/05/16 v1.14 Implements pdfTeX's escape features (HO)
Package: bigintcalc 2016/05/16 v1.4 Expandable calculations on big integers (HO
)
Package: bitset 2016/05/16 v1.2 Handle bit-vector datatype (HO)
Package: uniquecounter 2016/05/16 v1.3 Provide unlimited unique counter (HO)
)
Package hobsub Info: Skipping package `hobsub' (already loaded).
Package: letltxmacro 2016/05/16 v1.5 Let assignment for LaTeX macros (HO)
Package: hopatch 2016/05/16 v1.3 Wrapper for package hooks (HO)
Package: xcolor-patch 2016/05/16 xcolor patch
Package: atveryend 2016/05/16 v1.9 Hooks at the very end of document (HO)
Package atveryend Info: \enddocument detected (standard20110627).
Package: atbegshi 2016/06/09 v1.18 At begin shipout hook (HO)
Package: refcount 2016/05/16 v3.5 Data extraction from label references (HO)
Package: hycolor 2016/05/16 v1.8 Color options for hyperref/bookmark (HO)
)
("C:\Program Files\MiKTeX 2.9\tex/generic/ifxetex\ifxetex.sty"
Package: ifxetex 2010/09/12 v0.6 Provides ifxetex conditional
)
("C:\Program Files\MiKTeX 2.9\tex/latex/oberdiek\auxhook.sty"
Package: auxhook 2016/05/16 v1.4 Hooks for auxiliary files (HO)
)
("C:\Program Files\MiKTeX 2.9\tex/latex/oberdiek\kvoptions.sty"
Package: kvoptions 2016/05/16 v3.12 Key value format for package options (HO)
)
\@linkdim=\dimen105
\Hy@linkcounter=\count92
\Hy@pagecounter=\count93

("C:\Program Files\MiKTeX 2.9\tex/latex/hyperref\pd1enc.def"
File: pd1enc.def 2018/11/30 v6.88e Hyperref: PDFDocEncoding definition (HO)
Now handling font encoding PD1 ...
... no UTF-8 mapping file for font encoding PD1
)
\Hy@SavedSpaceFactor=\count94

("C:\Program Files\MiKTeX 2.9\tex/latex/00miktex\hyperref.cfg"
File: hyperref.cfg 2002/06/06 v1.2 hyperref configuration of TeXLive
)
Package hyperref Info: Hyper figures OFF on input line 4519.
Package hyperref Info: Link nesting OFF on input line 4524.
Package hyperref Info: Hyper index ON on input line 4527.
Package hyperref Info: Plain pages OFF on input line 4534.
Package hyperref Info: Backreferencing OFF on input line 4539.
Package hyperref Info: Implicit mode ON; LaTeX internals redefined.
Package hyperref Info: Bookmarks ON on input line 4772.
\c@Hy@tempcnt=\count95

("C:\Users\David Ordine\AppData\Roaming\MiKTeX\2.9\tex/latex/url\url.sty"
\Urlmuskip=\muskip10
Package: url 2013/09/16  ver 3.4  Verb mode for urls, etc.
)
LaTeX Info: Redefining \url on input line 5125.
\XeTeXLinkMargin=\dimen106
\Fld@menulength=\count96
\Field@Width=\dimen107
\Fld@charsize=\dimen108
Package hyperref Info: Hyper figures OFF on input line 6380.
Package hyperref Info: Link nesting OFF on input line 6385.
Package hyperref Info: Hyper index ON on input line 6388.
Package hyperref Info: backreferencing OFF on input line 6395.
Package hyperref Info: Link coloring OFF on input line 6400.
Package hyperref Info: Link coloring with OCG OFF on input line 6405.
Package hyperref Info: PDF/A mode OFF on input line 6410.
LaTeX Info: Redefining \ref on input line 6450.
LaTeX Info: Redefining \pageref on input line 6454.
\Hy@abspage=\count97
\c@Item=\count98
\c@Hfootnote=\count99
)
Package hyperref Info: Driver: hpdftex.

("C:\Program Files\MiKTeX 2.9\tex/latex/hyperref\hpdftex.def"
File: hpdftex.def 2018/11/30 v6.88e Hyperref driver for pdfTeX
\Fld@listcount=\count100
\c@bookmark@seq@number=\count101

("C:\Program Files\MiKTeX 2.9\tex/latex/oberdiek\rerunfilecheck.sty"
Package: rerunfilecheck 2016/05/16 v1.8 Rerun checks for auxiliary files (HO)
Package uniquecounter Info: New unique counter `rerunfilecheck' on input line 2
82.
)
\Hy@SectionHShift=\skip46
)
("C:\Program Files\MiKTeX 2.9\tex/latex/tools\indentfirst.sty"
Package: indentfirst 1995/11/23 v1.03 Indent first paragraph (DPC)
)
("C:\Program Files\MiKTeX 2.9\tex/latex/tools\xspace.sty"
Package: xspace 2014/10/28 v1.13 Space after command names (DPC,MH)
)
("C:\Users\David Ordine\AppData\Roaming\MiKTeX\2.9\tex/latex/preprint\fullpage.
sty"
Package: fullpage 1999/02/23 1.1 (PWD)
\FP@margin=\skip47
) ("C:\Program Files\MiKTeX 2.9\tex/latex/graphics\color.sty"
Package: color 2016/07/10 v1.1e Standard LaTeX Color (DPC)

("C:\Program Files\MiKTeX 2.9\tex/latex/graphics-cfg\color.cfg"
File: color.cfg 2016/01/02 v1.6 sample color configuration
)
Package color Info: Driver file: pdftex.def on input line 147.

("C:\Program Files\MiKTeX 2.9\tex/latex/graphics-def\pdftex.def"
File: pdftex.def 2018/01/08 v1.0l Graphics/color driver for pdftex
))
("C:\Users\David Ordine\AppData\Roaming\MiKTeX\2.9\tex/latex/colortbl\colortbl.
sty"
Package: colortbl 2018/12/12 v1.0d Color table columns (DPC)
 ("C:\Program Files\MiKTeX 2.9\tex/latex/tools\array.sty"
Package: array 2018/12/30 v2.4k Tabular extension package (FMi)
\col@sep=\dimen109
\ar@mcellbox=\box27
\extrarowheight=\dimen110
\NC@list=\toks20
\extratabsurround=\skip48
\backup@length=\skip49
\ar@cellbox=\box28
)
\everycr=\toks21
\minrowclearance=\skip50
)
("C:\Program Files\MiKTeX 2.9\tex/latex/graphics\graphicx.sty"
Package: graphicx 2017/06/01 v1.1a Enhanced LaTeX Graphics (DPC,SPQR)

("C:\Program Files\MiKTeX 2.9\tex/latex/graphics\graphics.sty"
Package: graphics 2017/06/25 v1.2c Standard LaTeX Graphics (DPC,SPQR)

("C:\Program Files\MiKTeX 2.9\tex/latex/graphics\trig.sty"
Package: trig 2016/01/03 v1.10 sin cos tan (DPC)
)
("C:\Program Files\MiKTeX 2.9\tex/latex/graphics-cfg\graphics.cfg"
File: graphics.cfg 2016/06/04 v1.11 sample graphics configuration
)
Package graphics Info: Driver file: pdftex.def on input line 99.
)
\Gin@req@height=\dimen111
\Gin@req@width=\dimen112
)
("C:\Users\David Ordine\AppData\Roaming\MiKTeX\2.9\tex/latex/fancyhdr\fancyhdr.
sty"
Package: fancyhdr 2019/01/31 v3.10 Extensive control of page headers and footer
s
\f@nch@headwidth=\skip51
\f@nch@O@elh=\skip52
\f@nch@O@erh=\skip53
\f@nch@O@olh=\skip54
\f@nch@O@orh=\skip55
\f@nch@O@elf=\skip56
\f@nch@O@erf=\skip57
\f@nch@O@olf=\skip58
\f@nch@O@orf=\skip59
) ("C:\Users\David Ordine\AppData\Roaming\MiKTeX\2.9\tex/latex/tabu\tabu.sty"
Package: tabu 2019/01/11 v2.9 - flexible LaTeX tabulars (FC+tabu-fixed)

("C:\Users\David Ordine\AppData\Roaming\MiKTeX\2.9\tex/latex/varwidth\varwidth.
sty"
Package: varwidth 2009/03/30 ver 0.92;  Variable-width minipages
\@vwid@box=\box29
\sift@deathcycles=\count102
\@vwid@loff=\dimen113
\@vwid@roff=\dimen114
)
\c@taburow=\count103
\tabu@nbcols=\count104
\tabu@cnt=\count105
\tabu@Xcol=\count106
\tabu@alloc=\count107
\tabu@nested=\count108
\tabu@target=\dimen115
\tabu@spreadtarget=\dimen116
\tabu@naturalX=\dimen117
\tabucolX=\dimen118
\tabu@Xsum=\dimen119
\extrarowdepth=\dimen120
\abovetabulinesep=\dimen121
\belowtabulinesep=\dimen122
\tabustrutrule=\dimen123
\tabu@thebody=\toks22
\tabu@footnotes=\toks23
\tabu@box=\box30
\tabu@arstrutbox=\box31
\tabu@hleads=\box32
\tabu@vleads=\box33
\tabu@cellskip=\skip60
)
("C:\Users\David Ordine\AppData\Roaming\MiKTeX\2.9\tex/latex/todonotes\todonote
s.sty"
Package: todonotes 2019/01/24 v1.1.2 Todonotes source and documentation.
Package: todonotes 2018/11/22

("C:\Users\David Ordine\AppData\Roaming\MiKTeX\2.9\tex/latex/xcolor\xcolor.sty"
Package: xcolor 2016/05/11 v2.12 LaTeX color extensions (UK)
("C:\Program Files\MiKTeX 2.9\tex/latex/graphics-cfg\color.cfg"
File: color.cfg 2016/01/02 v1.6 sample color configuration
)
Package xcolor Info: Driver file: pdftex.def on input line 225.
LaTeX Info: Redefining \color on input line 709.
Package xcolor Info: Model `cmy' substituted by `cmy0' on input line 1348.
Package xcolor Info: Model `hsb' substituted by `rgb' on input line 1352.
Package xcolor Info: Model `RGB' extended on input line 1364.
Package xcolor Info: Model `HTML' substituted by `rgb' on input line 1366.
Package xcolor Info: Model `Hsb' substituted by `hsb' on input line 1367.
Package xcolor Info: Model `tHsb' substituted by `hsb' on input line 1368.
Package xcolor Info: Model `HSB' substituted by `hsb' on input line 1369.
Package xcolor Info: Model `Gray' substituted by `gray' on input line 1370.
Package xcolor Info: Model `wave' substituted by `hsb' on input line 1371.
)
("C:\Users\David Ordine\AppData\Roaming\MiKTeX\2.9\tex/latex/pgf/frontendlayer\
tikz.sty"
("C:\Users\David Ordine\AppData\Roaming\MiKTeX\2.9\tex/latex/pgf/basiclayer\pgf
.sty"
("C:\Users\David Ordine\AppData\Roaming\MiKTeX\2.9\tex/latex/pgf/utilities\pgfr
cs.sty"
("C:\Users\David Ordine\AppData\Roaming\MiKTeX\2.9\tex/generic/pgf/utilities\pg
futil-common.tex"
\pgfutil@everybye=\toks24
\pgfutil@tempdima=\dimen124
\pgfutil@tempdimb=\dimen125

("C:\Users\David Ordine\AppData\Roaming\MiKTeX\2.9\tex/generic/pgf/utilities\pg
futil-common-lists.tex"))
("C:\Users\David Ordine\AppData\Roaming\MiKTeX\2.9\tex/generic/pgf/utilities\pg
futil-latex.def"
\pgfutil@abb=\box34

("C:\Users\David Ordine\AppData\Roaming\MiKTeX\2.9\tex/latex/ms\everyshi.sty"
Package: everyshi 2001/05/15 v3.00 EveryShipout Package (MS)
))
("C:\Users\David Ordine\AppData\Roaming\MiKTeX\2.9\tex/generic/pgf/utilities\pg
frcs.code.tex"
("C:\Users\David Ordine\AppData\Roaming\MiKTeX\2.9\tex/generic/pgf\pgf.revision
.tex")
Package: pgfrcs 2019/07/17 v3.1.4a (3.1.4a)
))
Package: pgf 2019/07/17 v3.1.4a (3.1.4a)

("C:\Users\David Ordine\AppData\Roaming\MiKTeX\2.9\tex/latex/pgf/basiclayer\pgf
core.sty"
("C:\Users\David Ordine\AppData\Roaming\MiKTeX\2.9\tex/latex/pgf/systemlayer\pg
fsys.sty"
("C:\Users\David Ordine\AppData\Roaming\MiKTeX\2.9\tex/generic/pgf/systemlayer\
pgfsys.code.tex"
Package: pgfsys 2019/07/17 v3.1.4a (3.1.4a)

("C:\Users\David Ordine\AppData\Roaming\MiKTeX\2.9\tex/generic/pgf/utilities\pg
fkeys.code.tex"
\pgfkeys@pathtoks=\toks25
\pgfkeys@temptoks=\toks26

("C:\Users\David Ordine\AppData\Roaming\MiKTeX\2.9\tex/generic/pgf/utilities\pg
fkeysfiltered.code.tex"
\pgfkeys@tmptoks=\toks27
))
\pgf@x=\dimen126
\pgf@y=\dimen127
\pgf@xa=\dimen128
\pgf@ya=\dimen129
\pgf@xb=\dimen130
\pgf@yb=\dimen131
\pgf@xc=\dimen132
\pgf@yc=\dimen133
\pgf@xd=\dimen134
\pgf@yd=\dimen135
\w@pgf@writea=\write3
\r@pgf@reada=\read1
\c@pgf@counta=\count109
\c@pgf@countb=\count110
\c@pgf@countc=\count111
\c@pgf@countd=\count112
\t@pgf@toka=\toks28
\t@pgf@tokb=\toks29
\t@pgf@tokc=\toks30
\pgf@sys@id@count=\count113

("C:\Users\David Ordine\AppData\Roaming\MiKTeX\2.9\tex/generic/pgf/systemlayer\
pgf.cfg"
File: pgf.cfg 2019/07/17 v3.1.4a (3.1.4a)
)
Driver file for pgf: pgfsys-pdftex.def

("C:\Users\David Ordine\AppData\Roaming\MiKTeX\2.9\tex/generic/pgf/systemlayer\
pgfsys-pdftex.def"
File: pgfsys-pdftex.def 2019/07/17 v3.1.4a (3.1.4a)

("C:\Users\David Ordine\AppData\Roaming\MiKTeX\2.9\tex/generic/pgf/systemlayer\
pgfsys-common-pdf.def"
File: pgfsys-common-pdf.def 2019/07/17 v3.1.4a (3.1.4a)
)))
("C:\Users\David Ordine\AppData\Roaming\MiKTeX\2.9\tex/generic/pgf/systemlayer\
pgfsyssoftpath.code.tex"
File: pgfsyssoftpath.code.tex 2019/07/17 v3.1.4a (3.1.4a)
\pgfsyssoftpath@smallbuffer@items=\count114
\pgfsyssoftpath@bigbuffer@items=\count115
)
("C:\Users\David Ordine\AppData\Roaming\MiKTeX\2.9\tex/generic/pgf/systemlayer\
pgfsysprotocol.code.tex"
File: pgfsysprotocol.code.tex 2019/07/17 v3.1.4a (3.1.4a)
))
("C:\Users\David Ordine\AppData\Roaming\MiKTeX\2.9\tex/generic/pgf/basiclayer\p
gfcore.code.tex"
Package: pgfcore 2019/07/17 v3.1.4a (3.1.4a)

("C:\Users\David Ordine\AppData\Roaming\MiKTeX\2.9\tex/generic/pgf/math\pgfmath
.code.tex"
("C:\Users\David Ordine\AppData\Roaming\MiKTeX\2.9\tex/generic/pgf/math\pgfmath
calc.code.tex"
("C:\Users\David Ordine\AppData\Roaming\MiKTeX\2.9\tex/generic/pgf/math\pgfmath
util.code.tex")
("C:\Users\David Ordine\AppData\Roaming\MiKTeX\2.9\tex/generic/pgf/math\pgfmath
parser.code.tex"
\pgfmath@dimen=\dimen136
\pgfmath@count=\count116
\pgfmath@box=\box35
\pgfmath@toks=\toks31
\pgfmath@stack@operand=\toks32
\pgfmath@stack@operation=\toks33
)
("C:\Users\David Ordine\AppData\Roaming\MiKTeX\2.9\tex/generic/pgf/math\pgfmath
functions.code.tex"
("C:\Users\David Ordine\AppData\Roaming\MiKTeX\2.9\tex/generic/pgf/math\pgfmath
functions.basic.code.tex")
("C:\Users\David Ordine\AppData\Roaming\MiKTeX\2.9\tex/generic/pgf/math\pgfmath
functions.trigonometric.code.tex")
("C:\Users\David Ordine\AppData\Roaming\MiKTeX\2.9\tex/generic/pgf/math\pgfmath
functions.random.code.tex")
("C:\Users\David Ordine\AppData\Roaming\MiKTeX\2.9\tex/generic/pgf/math\pgfmath
functions.comparison.code.tex")
("C:\Users\David Ordine\AppData\Roaming\MiKTeX\2.9\tex/generic/pgf/math\pgfmath
functions.base.code.tex")
("C:\Users\David Ordine\AppData\Roaming\MiKTeX\2.9\tex/generic/pgf/math\pgfmath
functions.round.code.tex")
("C:\Users\David Ordine\AppData\Roaming\MiKTeX\2.9\tex/generic/pgf/math\pgfmath
functions.misc.code.tex")
("C:\Users\David Ordine\AppData\Roaming\MiKTeX\2.9\tex/generic/pgf/math\pgfmath
functions.integerarithmetics.code.tex")))
("C:\Users\David Ordine\AppData\Roaming\MiKTeX\2.9\tex/generic/pgf/math\pgfmath
float.code.tex"
\c@pgfmathroundto@lastzeros=\count117
))
("C:\Users\David Ordine\AppData\Roaming\MiKTeX\2.9\tex/generic/pgf/math\pgfint.
code.tex")
("C:\Users\David Ordine\AppData\Roaming\MiKTeX\2.9\tex/generic/pgf/basiclayer\p
gfcorepoints.code.tex"
File: pgfcorepoints.code.tex 2019/07/17 v3.1.4a (3.1.4a)
\pgf@picminx=\dimen137
\pgf@picmaxx=\dimen138
\pgf@picminy=\dimen139
\pgf@picmaxy=\dimen140
\pgf@pathminx=\dimen141
\pgf@pathmaxx=\dimen142
\pgf@pathminy=\dimen143
\pgf@pathmaxy=\dimen144
\pgf@xx=\dimen145
\pgf@xy=\dimen146
\pgf@yx=\dimen147
\pgf@yy=\dimen148
\pgf@zx=\dimen149
\pgf@zy=\dimen150
)
("C:\Users\David Ordine\AppData\Roaming\MiKTeX\2.9\tex/generic/pgf/basiclayer\p
gfcorepathconstruct.code.tex"
File: pgfcorepathconstruct.code.tex 2019/07/17 v3.1.4a (3.1.4a)
\pgf@path@lastx=\dimen151
\pgf@path@lasty=\dimen152
)
("C:\Users\David Ordine\AppData\Roaming\MiKTeX\2.9\tex/generic/pgf/basiclayer\p
gfcorepathusage.code.tex"
File: pgfcorepathusage.code.tex 2019/07/17 v3.1.4a (3.1.4a)
\pgf@shorten@end@additional=\dimen153
\pgf@shorten@start@additional=\dimen154
)
("C:\Users\David Ordine\AppData\Roaming\MiKTeX\2.9\tex/generic/pgf/basiclayer\p
gfcorescopes.code.tex"
File: pgfcorescopes.code.tex 2019/07/17 v3.1.4a (3.1.4a)
\pgfpic=\box36
\pgf@hbox=\box37
\pgf@layerbox@main=\box38
\pgf@picture@serial@count=\count118
)
("C:\Users\David Ordine\AppData\Roaming\MiKTeX\2.9\tex/generic/pgf/basiclayer\p
gfcoregraphicstate.code.tex"
File: pgfcoregraphicstate.code.tex 2019/07/17 v3.1.4a (3.1.4a)
\pgflinewidth=\dimen155
)
("C:\Users\David Ordine\AppData\Roaming\MiKTeX\2.9\tex/generic/pgf/basiclayer\p
gfcoretransformations.code.tex"
File: pgfcoretransformations.code.tex 2019/07/17 v3.1.4a (3.1.4a)
\pgf@pt@x=\dimen156
\pgf@pt@y=\dimen157
\pgf@pt@temp=\dimen158
)
("C:\Users\David Ordine\AppData\Roaming\MiKTeX\2.9\tex/generic/pgf/basiclayer\p
gfcorequick.code.tex"
File: pgfcorequick.code.tex 2019/07/17 v3.1.4a (3.1.4a)
)
("C:\Users\David Ordine\AppData\Roaming\MiKTeX\2.9\tex/generic/pgf/basiclayer\p
gfcoreobjects.code.tex"
File: pgfcoreobjects.code.tex 2019/07/17 v3.1.4a (3.1.4a)
)
("C:\Users\David Ordine\AppData\Roaming\MiKTeX\2.9\tex/generic/pgf/basiclayer\p
gfcorepathprocessing.code.tex"
File: pgfcorepathprocessing.code.tex 2019/07/17 v3.1.4a (3.1.4a)
)
("C:\Users\David Ordine\AppData\Roaming\MiKTeX\2.9\tex/generic/pgf/basiclayer\p
gfcorearrows.code.tex"
File: pgfcorearrows.code.tex 2019/07/17 v3.1.4a (3.1.4a)
\pgfarrowsep=\dimen159
)
("C:\Users\David Ordine\AppData\Roaming\MiKTeX\2.9\tex/generic/pgf/basiclayer\p
gfcoreshade.code.tex"
File: pgfcoreshade.code.tex 2019/07/17 v3.1.4a (3.1.4a)
\pgf@max=\dimen160
\pgf@sys@shading@range@num=\count119
\pgf@shadingcount=\count120
)
("C:\Users\David Ordine\AppData\Roaming\MiKTeX\2.9\tex/generic/pgf/basiclayer\p
gfcoreimage.code.tex"
File: pgfcoreimage.code.tex 2019/07/17 v3.1.4a (3.1.4a)

("C:\Users\David Ordine\AppData\Roaming\MiKTeX\2.9\tex/generic/pgf/basiclayer\p
gfcoreexternal.code.tex"
File: pgfcoreexternal.code.tex 2019/07/17 v3.1.4a (3.1.4a)
\pgfexternal@startupbox=\box39
))
("C:\Users\David Ordine\AppData\Roaming\MiKTeX\2.9\tex/generic/pgf/basiclayer\p
gfcorelayers.code.tex"
File: pgfcorelayers.code.tex 2019/07/17 v3.1.4a (3.1.4a)
)
("C:\Users\David Ordine\AppData\Roaming\MiKTeX\2.9\tex/generic/pgf/basiclayer\p
gfcoretransparency.code.tex"
File: pgfcoretransparency.code.tex 2019/07/17 v3.1.4a (3.1.4a)
)
("C:\Users\David Ordine\AppData\Roaming\MiKTeX\2.9\tex/generic/pgf/basiclayer\p
gfcorepatterns.code.tex"
File: pgfcorepatterns.code.tex 2019/07/17 v3.1.4a (3.1.4a)
)
("C:\Users\David Ordine\AppData\Roaming\MiKTeX\2.9\tex/generic/pgf/basiclayer\p
gfcorerdf.code.tex"
File: pgfcorerdf.code.tex 2019/07/17 v3.1.4a (3.1.4a)
)))
("C:\Users\David Ordine\AppData\Roaming\MiKTeX\2.9\tex/generic/pgf/modules\pgfm
oduleshapes.code.tex"
File: pgfmoduleshapes.code.tex 2019/07/17 v3.1.4a (3.1.4a)
\pgfnodeparttextbox=\box40
)
("C:\Users\David Ordine\AppData\Roaming\MiKTeX\2.9\tex/generic/pgf/modules\pgfm
oduleplot.code.tex"
File: pgfmoduleplot.code.tex 2019/07/17 v3.1.4a (3.1.4a)
)
("C:\Users\David Ordine\AppData\Roaming\MiKTeX\2.9\tex/latex/pgf/compatibility\
pgfcomp-version-0-65.sty"
Package: pgfcomp-version-0-65 2019/07/17 v3.1.4a (3.1.4a)
\pgf@nodesepstart=\dimen161
\pgf@nodesepend=\dimen162
)
("C:\Users\David Ordine\AppData\Roaming\MiKTeX\2.9\tex/latex/pgf/compatibility\
pgfcomp-version-1-18.sty"
Package: pgfcomp-version-1-18 2019/07/17 v3.1.4a (3.1.4a)
))
("C:\Users\David Ordine\AppData\Roaming\MiKTeX\2.9\tex/latex/pgf/utilities\pgff
or.sty"
("C:\Users\David Ordine\AppData\Roaming\MiKTeX\2.9\tex/latex/pgf/utilities\pgfk
eys.sty"
("C:\Users\David Ordine\AppData\Roaming\MiKTeX\2.9\tex/generic/pgf/utilities\pg
fkeys.code.tex"))
("C:\Users\David Ordine\AppData\Roaming\MiKTeX\2.9\tex/latex/pgf/math\pgfmath.s
ty"
("C:\Users\David Ordine\AppData\Roaming\MiKTeX\2.9\tex/generic/pgf/math\pgfmath
.code.tex"))
("C:\Users\David Ordine\AppData\Roaming\MiKTeX\2.9\tex/generic/pgf/utilities\pg
ffor.code.tex"
Package: pgffor 2019/07/17 v3.1.4a (3.1.4a)

("C:\Users\David Ordine\AppData\Roaming\MiKTeX\2.9\tex/generic/pgf/math\pgfmath
.code.tex")
\pgffor@iter=\dimen163
\pgffor@skip=\dimen164
\pgffor@stack=\toks34
\pgffor@toks=\toks35
))
("C:\Users\David Ordine\AppData\Roaming\MiKTeX\2.9\tex/generic/pgf/frontendlaye
r/tikz\tikz.code.tex"
Package: tikz 2019/07/17 v3.1.4a (3.1.4a)

("C:\Users\David Ordine\AppData\Roaming\MiKTeX\2.9\tex/generic/pgf/libraries\pg
flibraryplothandlers.code.tex"
File: pgflibraryplothandlers.code.tex 2019/07/17 v3.1.4a (3.1.4a)
\pgf@plot@mark@count=\count121
\pgfplotmarksize=\dimen165
)
\tikz@lastx=\dimen166
\tikz@lasty=\dimen167
\tikz@lastxsaved=\dimen168
\tikz@lastysaved=\dimen169
\tikz@lastmovetox=\dimen170
\tikz@lastmovetoy=\dimen171
\tikzleveldistance=\dimen172
\tikzsiblingdistance=\dimen173
\tikz@figbox=\box41
\tikz@figbox@bg=\box42
\tikz@tempbox=\box43
\tikz@tempbox@bg=\box44
\tikztreelevel=\count122
\tikznumberofchildren=\count123
\tikznumberofcurrentchild=\count124
\tikz@fig@count=\count125

("C:\Users\David Ordine\AppData\Roaming\MiKTeX\2.9\tex/generic/pgf/modules\pgfm
odulematrix.code.tex"
File: pgfmodulematrix.code.tex 2019/07/17 v3.1.4a (3.1.4a)
\pgfmatrixcurrentrow=\count126
\pgfmatrixcurrentcolumn=\count127
\pgf@matrix@numberofcolumns=\count128
)
\tikz@expandcount=\count129

("C:\Users\David Ordine\AppData\Roaming\MiKTeX\2.9\tex/generic/pgf/frontendlaye
r/tikz/libraries\tikzlibrarytopaths.code.tex"
File: tikzlibrarytopaths.code.tex 2019/07/17 v3.1.4a (3.1.4a)
)))
("C:\Users\David Ordine\AppData\Roaming\MiKTeX\2.9\tex/generic/pgf/frontendlaye
r/tikz/libraries\tikzlibrarypositioning.code.tex"
File: tikzlibrarypositioning.code.tex 2019/07/17 v3.1.4a (3.1.4a)
)
("C:\Users\David Ordine\AppData\Roaming\MiKTeX\2.9\tex/generic/pgf/frontendlaye
r/tikz/libraries\tikzlibraryshadows.code.tex"
File: tikzlibraryshadows.code.tex 2019/07/17 v3.1.4a (3.1.4a)

("C:\Users\David Ordine\AppData\Roaming\MiKTeX\2.9\tex/generic/pgf/frontendlaye
r/tikz/libraries\tikzlibraryfadings.code.tex"
File: tikzlibraryfadings.code.tex 2019/07/17 v3.1.4a (3.1.4a)

("C:\Users\David Ordine\AppData\Roaming\MiKTeX\2.9\tex/generic/pgf/libraries\pg
flibraryfadings.code.tex"
File: pgflibraryfadings.code.tex 2019/07/17 v3.1.4a (3.1.4a)
)))
("C:\Program Files\MiKTeX 2.9\tex/latex/tools\calc.sty"
Package: calc 2017/05/25 v4.3 Infix arithmetic (KKT,FJ)
\calc@Acount=\count130
\calc@Bcount=\count131
\calc@Adimen=\dimen174
\calc@Bdimen=\dimen175
\calc@Askip=\skip61
\calc@Bskip=\skip62
LaTeX Info: Redefining \setlength on input line 80.
LaTeX Info: Redefining \addtolength on input line 81.
\calc@Ccount=\count132
\calc@Cskip=\skip63
)
\c@@todonotes@numberoftodonotes=\count133
)
("C:\Users\David Ordine\AppData\Roaming\MiKTeX\2.9\tex/latex/glossaries/base\gl
ossaries.sty"
Package: glossaries 2019/01/06 v4.42 (NLCT)

("C:\Users\David Ordine\AppData\Roaming\MiKTeX\2.9\tex/latex/mfirstuc\mfirstuc.
sty"
Package: mfirstuc 2017/11/14 v2.06 (NLCT)

("C:\Users\David Ordine\AppData\Roaming\MiKTeX\2.9\tex/latex/etoolbox\etoolbox.
sty"
Package: etoolbox 2018/08/19 v2.5f e-TeX tools for LaTeX (JAW)
\etb@tempcnta=\count134
)
\@glsmfirst=\toks36
\@glsmrest=\toks37
)
("C:\Users\David Ordine\AppData\Roaming\MiKTeX\2.9\tex/latex/textcase\textcase.
sty"
Package: textcase 2004/10/07 v0.07 Text only upper/lower case changing (DPC)
) ("C:\Users\David Ordine\AppData\Roaming\MiKTeX\2.9\tex/latex/xfor\xfor.sty"
Package: xfor 2009/02/05 v1.05 (NLCT)
)
("C:\Users\David Ordine\AppData\Roaming\MiKTeX\2.9\tex/latex/datatool\datatool-
base.sty"
Package: datatool-base 2018/12/07 v2.31 (NLCT)
 ("C:\Program Files\MiKTeX 2.9\tex/latex/amsmath\amsmath.sty"
Package: amsmath 2018/12/01 v2.17b AMS math features
\@mathmargin=\skip64

For additional information on amsmath, use the `?' option.
("C:\Program Files\MiKTeX 2.9\tex/latex/amsmath\amstext.sty"
Package: amstext 2000/06/29 v2.01 AMS text

("C:\Program Files\MiKTeX 2.9\tex/latex/amsmath\amsgen.sty"
File: amsgen.sty 1999/11/30 v2.0 generic functions
\@emptytoks=\toks38
\ex@=\dimen176
))
("C:\Program Files\MiKTeX 2.9\tex/latex/amsmath\amsbsy.sty"
Package: amsbsy 1999/11/29 v1.2d Bold Symbols
\pmbraise@=\dimen177
)
("C:\Program Files\MiKTeX 2.9\tex/latex/amsmath\amsopn.sty"
Package: amsopn 2016/03/08 v2.02 operator names
)
\inf@bad=\count135
LaTeX Info: Redefining \frac on input line 223.
\uproot@=\count136
\leftroot@=\count137
LaTeX Info: Redefining \overline on input line 385.
\classnum@=\count138
\DOTSCASE@=\count139
LaTeX Info: Redefining \ldots on input line 482.
LaTeX Info: Redefining \dots on input line 485.
LaTeX Info: Redefining \cdots on input line 606.
\Mathstrutbox@=\box45
\strutbox@=\box46
\big@size=\dimen178
LaTeX Font Info:    Redeclaring font encoding OML on input line 729.
LaTeX Font Info:    Redeclaring font encoding OMS on input line 730.
\macc@depth=\count140
\c@MaxMatrixCols=\count141
\dotsspace@=\muskip11
\c@parentequation=\count142
\dspbrk@lvl=\count143
\tag@help=\toks39
\row@=\count144
\column@=\count145
\maxfields@=\count146
\andhelp@=\toks40
\eqnshift@=\dimen179
\alignsep@=\dimen180
\tagshift@=\dimen181
\tagwidth@=\dimen182
\totwidth@=\dimen183
\lineht@=\dimen184
\@envbody=\toks41
\multlinegap=\skip65
\multlinetaggap=\skip66
\mathdisplay@stack=\toks42
LaTeX Info: Redefining \[ on input line 2844.
LaTeX Info: Redefining \] on input line 2845.
)
("C:\Users\David Ordine\AppData\Roaming\MiKTeX\2.9\tex/latex/substr\substr.sty"
Package: substr 2009/10/20 v1.2 Handle substrings
\c@su@anzahl=\count147
)
("C:\Users\David Ordine\AppData\Roaming\MiKTeX\2.9\tex/latex/datatool\datatool-
fp.sty"
Package: datatool-fp 2018/12/07 v2.31 (NLCT)
 ("C:\Users\David Ordine\AppData\Roaming\MiKTeX\2.9\tex/latex/fp\fp.sty"
Package: fp 1995/04/02
`Fixed Point Package', Version 0.8, April 2, 1995 (C) Michael Mehlich
("C:\Users\David Ordine\AppData\Roaming\MiKTeX\2.9\tex/latex/fp\defpattern.sty"
Package: defpattern 1994/10/12
\actioncount=\count148
) ("C:\Users\David Ordine\AppData\Roaming\MiKTeX\2.9\tex/latex/fp\fp-basic.sty"
Package: fp-basic 1996/05/13
\FP@xs=\count149
\FP@xia=\count150
\FP@xib=\count151
\FP@xfa=\count152
\FP@xfb=\count153
\FP@rega=\count154
\FP@regb=\count155
\FP@regs=\count156
\FP@times=\count157
) ("C:\Users\David Ordine\AppData\Roaming\MiKTeX\2.9\tex/latex/fp\fp-addons.sty
"
Package: fp-addons 1995/03/15
) ("C:\Users\David Ordine\AppData\Roaming\MiKTeX\2.9\tex/latex/fp\fp-snap.sty"
Package: fp-snap 1995/04/05
) ("C:\Users\David Ordine\AppData\Roaming\MiKTeX\2.9\tex/latex/fp\fp-exp.sty"
Package: fp-exp 1995/04/03
)
("C:\Users\David Ordine\AppData\Roaming\MiKTeX\2.9\tex/latex/fp\fp-trigo.sty"
Package: fp-trigo 1995/04/14
)
("C:\Users\David Ordine\AppData\Roaming\MiKTeX\2.9\tex/latex/fp\fp-pas.sty"
Package: fp-pas 1994/08/29
)
("C:\Users\David Ordine\AppData\Roaming\MiKTeX\2.9\tex/latex/fp\fp-random.sty"
Package: fp-random 1995/02/23
\FPseed=\count158
) ("C:\Users\David Ordine\AppData\Roaming\MiKTeX\2.9\tex/latex/fp\fp-eqn.sty"
Package: fp-eqn 1995/04/03
)
("C:\Users\David Ordine\AppData\Roaming\MiKTeX\2.9\tex/latex/fp\fp-upn.sty"
Package: fp-upn 1996/10/21
)
("C:\Users\David Ordine\AppData\Roaming\MiKTeX\2.9\tex/latex/fp\fp-eval.sty"
Package: fp-eval 1995/04/03
)))
\@dtl@toks=\toks43
\@dtl@tmpcount=\count159
\dtl@tmplength=\skip67
\dtl@sortresult=\count160
\@dtl@numgrpsepcount=\count161
\@dtl@datatype=\count162
\dtl@codeA=\count163
\dtl@codeB=\count164
\@dtl@foreach@level=\count165
)
("C:\Users\David Ordine\AppData\Roaming\MiKTeX\2.9\tex/latex/glossaries/base\gl
ossaries-compatible-307.sty"
Package: glossaries-compatible-307 2019/01/06 v4.42 (NLCT)
)
("C:\Users\David Ordine\AppData\Roaming\MiKTeX\2.9\tex/latex/tracklang\tracklan
g.sty"
Package: tracklang 2018/05/13 v1.3.6 (NLCT) Track Languages

("C:\Users\David Ordine\AppData\Roaming\MiKTeX\2.9\tex/generic/tracklang\trackl
ang.tex"))
("C:\Users\David Ordine\AppData\Roaming\MiKTeX\2.9\tex/latex/translator\transla
tor.sty"
Package: translator 2019-05-31 v1.12a Easy translation of strings in LaTeX
)
("C:\Users\David Ordine\AppData\Roaming\MiKTeX\2.9\tex/latex/glossaries-portuge
s\glossaries-portuges.ldf"
File: glossaries-portuges.ldf 2014/11/23 v1.0

("C:\Users\David Ordine\AppData\Roaming\MiKTeX\2.9\tex/latex/glossaries-portuge
s\glossaries-portuges-utf8.ldf"))
\gls@level=\count166
\@gls@tmpb=\toks44
\gls@tmplen=\skip68
\glskeylisttok=\toks45
\glslabeltok=\toks46
\glsshorttok=\toks47
\glslongtok=\toks48

("C:\Users\David Ordine\AppData\Roaming\MiKTeX\2.9\tex/latex/glossaries/styles\
glossary-hypernav.sty"
Package: glossary-hypernav 2019/01/06 v4.42 (NLCT)
)
("C:\Users\David Ordine\AppData\Roaming\MiKTeX\2.9\tex/latex/glossaries/styles\
glossary-list.sty"
Package: glossary-list 2019/01/06 v4.42 (NLCT)
\glslistdottedwidth=\skip69
)
("C:\Users\David Ordine\AppData\Roaming\MiKTeX\2.9\tex/latex/glossaries/styles\
glossary-long.sty"
Package: glossary-long 2019/01/06 v4.42 (NLCT)
 ("C:\Program Files\MiKTeX 2.9\tex/latex/tools\longtable.sty"
Package: longtable 2014/10/28 v4.11 Multi-page Table package (DPC)+ FMi change
\LTleft=\skip70
\LTright=\skip71
\LTpre=\skip72
\LTpost=\skip73
\LTchunksize=\count167
\LTcapwidth=\dimen185
\LT@head=\box47
\LT@firsthead=\box48
\LT@foot=\box49
\LT@lastfoot=\box50
\LT@cols=\count168
\LT@rows=\count169
\c@LT@tables=\count170
\c@LT@chunks=\count171
\LT@p@ftn=\toks49
)
\glsdescwidth=\skip74
\glspagelistwidth=\skip75
)
("C:\Users\David Ordine\AppData\Roaming\MiKTeX\2.9\tex/latex/glossaries/styles\
glossary-super.sty"
Package: glossary-super 2019/01/06 v4.42 (NLCT)

("C:\Users\David Ordine\AppData\Roaming\MiKTeX\2.9\tex/latex/supertabular\super
tabular.sty"
Package: supertabular 2004/02/20 v4.1e the supertabular environment
\c@tracingst=\count172
\ST@wd=\dimen186
\ST@rightskip=\skip76
\ST@leftskip=\skip77
\ST@parfillskip=\skip78
\ST@pageleft=\dimen187
\ST@headht=\dimen188
\ST@tailht=\dimen189
\ST@pagesofar=\dimen190
\ST@pboxht=\dimen191
\ST@lineht=\dimen192
\ST@stretchht=\dimen193
\ST@prevht=\dimen194
\ST@toadd=\dimen195
\ST@dimen=\dimen196
\ST@pbox=\box51
))
("C:\Users\David Ordine\AppData\Roaming\MiKTeX\2.9\tex/latex/glossaries/styles\
glossary-tree.sty"
Package: glossary-tree 2019/01/06 v4.42 (NLCT)
\glstreeindent=\skip79
)) (acronyms.tex)
\glswrite=\write4
\glo@main@file=\write5
\openout5 = `main.glo'.

Package glossaries Info: Writing glossary file main.glo on input line 19.
\glo@acronym@file=\write6
\openout6 = `main.acn'.

Package glossaries Info: Writing glossary file main.acn on input line 19.

("C:\Users\David Ordine\AppData\Roaming\MiKTeX\2.9\tex/latex/subfigure\subfigur
e.sty"
Package: subfigure 2002/07/30 v2.1.4 subfigure package
\subfigtopskip=\skip80
\subfigcapskip=\skip81
\subfigcaptopadj=\dimen197
\subfigbottomskip=\skip82
\subfigcapmargin=\dimen198
\subfiglabelskip=\skip83
\c@subfigure=\count173
\c@lofdepth=\count174
\c@subtable=\count175
\c@lotdepth=\count176

****************************************
* Local config file subfigure.cfg used *
****************************************

("C:\Users\David Ordine\AppData\Roaming\MiKTeX\2.9\tex/latex/subfigure\subfigur
e.cfg")
\subfig@top=\skip84
\subfig@bottom=\skip85
) (main.aux)
\openout1 = `main.aux'.

LaTeX Font Info:    Checking defaults for OML/cmm/m/it on input line 49.
LaTeX Font Info:    ... okay on input line 49.
LaTeX Font Info:    Checking defaults for T1/cmr/m/n on input line 49.
LaTeX Font Info:    ... okay on input line 49.
LaTeX Font Info:    Checking defaults for OT1/cmr/m/n on input line 49.
LaTeX Font Info:    ... okay on input line 49.
LaTeX Font Info:    Checking defaults for OMS/cmsy/m/n on input line 49.
LaTeX Font Info:    ... okay on input line 49.
LaTeX Font Info:    Checking defaults for OMX/cmex/m/n on input line 49.
LaTeX Font Info:    ... okay on input line 49.
LaTeX Font Info:    Checking defaults for U/cmr/m/n on input line 49.
LaTeX Font Info:    ... okay on input line 49.
LaTeX Font Info:    Checking defaults for MDA/cmr/m/n on input line 49.
LaTeX Font Info:    Try loading font information for MDA+cmr on input line 49.

("C:\Users\David Ordine\AppData\Roaming\MiKTeX\2.9\tex/latex/mathdesign\mdacmr.
fd"
File: mdacmr.fd 
)
LaTeX Font Info:    ... okay on input line 49.
LaTeX Font Info:    Checking defaults for MDB/cmr/m/n on input line 49.
LaTeX Font Info:    Try loading font information for MDB+cmr on input line 49.

("C:\Users\David Ordine\AppData\Roaming\MiKTeX\2.9\tex/latex/mathdesign\mdbcmr.
fd"
File: mdbcmr.fd 
)
LaTeX Font Info:    ... okay on input line 49.
LaTeX Font Info:    Checking defaults for PD1/pdf/m/n on input line 49.
LaTeX Font Info:    ... okay on input line 49.
\AtBeginShipoutBox=\box52
Package hyperref Info: Link coloring OFF on input line 49.
 ("C:\Program Files\MiKTeX 2.9\tex/latex/hyperref\nameref.sty"
Package: nameref 2016/05/21 v2.44 Cross-referencing by name of section

("C:\Program Files\MiKTeX 2.9\tex/generic/oberdiek\gettitlestring.sty"
Package: gettitlestring 2016/05/16 v1.5 Cleanup title references (HO)
)
\c@section@level=\count177
)
LaTeX Info: Redefining \ref on input line 49.
LaTeX Info: Redefining \pageref on input line 49.
LaTeX Info: Redefining \nameref on input line 49.

(main.out) (main.out)
\@outlinefile=\write7
\openout7 = `main.out'.


("C:\Users\David Ordine\AppData\Roaming\MiKTeX\2.9\tex/context/base/mkii\supp-p
df.mkii"
[Loading MPS to PDF converter (version 2006.09.02).]
\scratchcounter=\count178
\scratchdimen=\dimen199
\scratchbox=\box53
\nofMPsegments=\count179
\nofMParguments=\count180
\everyMPshowfont=\toks50
\MPscratchCnt=\count181
\MPscratchDim=\dimen256
\MPnumerator=\count182
\makeMPintoPDFobject=\count183
\everyMPtoPDFconversion=\toks51
) ("C:\Program Files\MiKTeX 2.9\tex/latex/oberdiek\epstopdf-base.sty"
Package: epstopdf-base 2016/05/15 v2.6 Base part for package epstopdf

("C:\Program Files\MiKTeX 2.9\tex/latex/oberdiek\grfext.sty"
Package: grfext 2016/05/16 v1.2 Manage graphics extensions (HO)
)
Package epstopdf-base Info: Redefining graphics rule for `.eps' on input line 4
38.
Package grfext Info: Graphics extension search list:
(grfext)             [.pdf,.png,.jpg,.mps,.jpeg,.jbig2,.jb2,.PDF,.PNG,.JPG,.JPE
G,.JBIG2,.JB2,.eps]
(grfext)             \AppendGraphicsExtensions on input line 456.
)
ABD: EveryShipout initializing macros

Package todonotes Warning: The length marginparwidth is less than 2cm and will 
most likely cause issues with the appearance of inserted todonotes. The issue c
an be solved by adding a line like \setlength {\marginparwidth }{2cm} prior to 
loading the todonotes package. on input line 49.

LaTeX Font Info:    Font shape `T1/mdbch/m/n' will be
(Font)              scaled to size 16.58891pt on input line 53.
LaTeX Font Info:    Font shape `T1/mdbch/b/n' will be
(Font)              scaled to size 16.58891pt on input line 53.
LaTeX Font Info:    Font shape `T1/mdbch/m/n' will be
(Font)              scaled to size 11.52008pt on input line 53.
LaTeX Font Info:    Font shape `OT1/mdbch/m/n' will be
(Font)              scaled to size 11.52008pt on input line 53.
LaTeX Font Info:    Font shape `OT1/mdbch/m/n' will be
(Font)              scaled to size 7.68005pt on input line 53.
LaTeX Font Info:    Font shape `OT1/mdbch/m/n' will be
(Font)              scaled to size 5.76004pt on input line 53.
LaTeX Font Info:    Try loading font information for OML+mdbch on input line 53
.

("C:\Users\David Ordine\AppData\Roaming\MiKTeX\2.9\tex/latex/mathdesign/mdbch\o
mlmdbch.fd"
File: omlmdbch.fd 2013/08/29 Fontinst v1.933 font definitions for OML/mdbch.
)
LaTeX Font Info:    Font shape `OML/mdbch/m/it' will be
(Font)              scaled to size 11.52008pt on input line 53.
LaTeX Font Info:    Font shape `OML/mdbch/m/it' will be
(Font)              scaled to size 7.68005pt on input line 53.
LaTeX Font Info:    Font shape `OML/mdbch/m/it' will be
(Font)              scaled to size 5.76004pt on input line 53.
LaTeX Font Info:    Try loading font information for OMS+mdbch on input line 53
.

("C:\Users\David Ordine\AppData\Roaming\MiKTeX\2.9\tex/latex/mathdesign/mdbch\o
msmdbch.fd"
File: omsmdbch.fd 2013/08/29 Fontinst v1.933 font definitions for OMS/mdbch.
)
LaTeX Font Info:    Font shape `OMS/mdbch/m/n' will be
(Font)              scaled to size 11.52008pt on input line 53.
LaTeX Font Info:    Font shape `OMS/mdbch/m/n' will be
(Font)              scaled to size 7.68005pt on input line 53.
LaTeX Font Info:    Font shape `OMS/mdbch/m/n' will be
(Font)              scaled to size 5.76004pt on input line 53.
LaTeX Font Info:    Try loading font information for OMX+mdbch on input line 53
.

("C:\Users\David Ordine\AppData\Roaming\MiKTeX\2.9\tex/latex/mathdesign/mdbch\o
mxmdbch.fd"
File: omxmdbch.fd 2013/08/29 Fontinst v1.933 font definitions for OMX/mdbch.
)
LaTeX Font Info:    Font shape `OMX/mdbch/m/n' will be
(Font)              scaled to size 11.52008pt on input line 53.
LaTeX Font Info:    Font shape `OMX/mdbch/m/n' will be
(Font)              scaled to size 7.68005pt on input line 53.
LaTeX Font Info:    Font shape `OMX/mdbch/m/n' will be
(Font)              scaled to size 5.76004pt on input line 53.
LaTeX Font Info:    Font shape `OML/mdbch/m/n' will be
(Font)              scaled to size 11.52008pt on input line 53.
LaTeX Font Info:    Font shape `OML/mdbch/m/n' will be
(Font)              scaled to size 7.68005pt on input line 53.
LaTeX Font Info:    Font shape `OML/mdbch/m/n' will be
(Font)              scaled to size 5.76004pt on input line 53.
LaTeX Font Info:    Try loading font information for MDA+mdbch on input line 53
.

("C:\Users\David Ordine\AppData\Roaming\MiKTeX\2.9\tex/latex/mathdesign/mdbch\m
damdbch.fd"
File: mdamdbch.fd 2013/08/29 Fontinst v1.933 font definitions for MDA/mdbch.
)
LaTeX Font Info:    Font shape `MDA/mdbch/m/n' will be
(Font)              scaled to size 11.52008pt on input line 53.
LaTeX Font Info:    Font shape `MDA/mdbch/m/n' will be
(Font)              scaled to size 7.68005pt on input line 53.
LaTeX Font Info:    Font shape `MDA/mdbch/m/n' will be
(Font)              scaled to size 5.76004pt on input line 53.
LaTeX Font Info:    Try loading font information for MDB+mdbch on input line 53
.

("C:\Users\David Ordine\AppData\Roaming\MiKTeX\2.9\tex/latex/mathdesign/mdbch\m
dbmdbch.fd"
File: mdbmdbch.fd 2013/08/29 Fontinst v1.933 font definitions for MDB/mdbch.
)
LaTeX Font Info:    Font shape `MDB/mdbch/m/n' will be
(Font)              scaled to size 11.52008pt on input line 53.
LaTeX Font Info:    Font shape `MDB/mdbch/m/n' will be
(Font)              scaled to size 7.68005pt on input line 53.
LaTeX Font Info:    Font shape `MDB/mdbch/m/n' will be
(Font)              scaled to size 5.76004pt on input line 53.
LaTeX Font Info:    Font shape `T1/mdbch/b/n' will be
(Font)              scaled to size 11.52008pt on input line 53.
LaTeX Font Info:    Font shape `T1/mdbch/m/n' will be
(Font)              scaled to size 9.60007pt on input line 53.
LaTeX Font Info:    Font shape `T1/mdbch/m/it' will be
(Font)              scaled to size 9.60007pt on input line 53.
LaTeX Font Info:    Font shape `T1/mdbch/b/n' will be
(Font)              scaled to size 9.60007pt on input line 54.

Underfull \hbox (badness 10000) in paragraph at lines 55--56

 []

LaTeX Font Info:    Font shape `T1/mdbch/m/n' will be
(Font)              scaled to size 13.82408pt on input line 60.
LaTeX Font Info:    Font shape `T1/mdbch/b/n' will be
(Font)              scaled to size 13.82408pt on input line 60.
(main.toc
LaTeX Font Info:    Font shape `T1/mdbch/b/n' will be
(Font)              scaled to size 10.51207pt on input line 2.
LaTeX Font Info:    Font shape `OML/mdbch/m/it' will be
(Font)              scaled to size 10.51207pt on input line 3.
LaTeX Font Info:    Font shape `OMS/mdbch/m/n' will be
(Font)              scaled to size 10.51207pt on input line 3.
LaTeX Font Info:    Font shape `OMX/mdbch/m/n' will be
(Font)              scaled to size 10.51207pt on input line 3.
LaTeX Font Info:    Font shape `OML/mdbch/m/n' will be
(Font)              scaled to size 10.51207pt on input line 3.
LaTeX Font Info:    Font shape `MDA/mdbch/m/n' will be
(Font)              scaled to size 10.51207pt on input line 3.
LaTeX Font Info:    Font shape `MDB/mdbch/m/n' will be
(Font)              scaled to size 10.51207pt on input line 3.
)
\tf@toc=\write8
\openout8 = `main.toc'.

<./figs/ufsc.jpg, id=122, 136.8312pt x 190.311pt>
File: ./figs/ufsc.jpg Graphic file (type jpg)
<use ./figs/ufsc.jpg>
Package pdftex.def Info: ./figs/ufsc.jpg  used on input line 62.
(pdftex.def)             Requested size: 40.91396pt x 56.9055pt.

Overfull \vbox (33.78555pt too high) has occurred while \output is active []

<./figs/ine.pdf, id=123, 78.67188pt x 69.70926pt>
File: ./figs/ine.pdf Graphic file (type pdf)
<use ./figs/ine.pdf>
Package pdftex.def Info: ./figs/ine.pdf  used on input line 62.
(pdftex.def)             Requested size: 64.22324pt x 56.9055pt.

Overfull \vbox (33.78555pt too high) has occurred while \output is active []


Overfull \hbox (6.14241pt too wide) has occurred while \output is active
 [][] 
 []


Package Fancyhdr Warning: \headheight is too small (0.0pt): 
Make it at least 41.79997pt.
We now make it that large for the rest of the document.
This may cause the page layout to be inconsistent, however.

[1{C:/Users/David Ordine/AppData/Local/MiKTeX/2.9/pdftex/config/pdftex.map}

\openout4 = `main.ist'.

 <./figs/ufsc.jpg> <./figs/ine.pdf>]
LaTeX Font Info:    Font shape `T1/mdbch/m/it' will be
(Font)              scaled to size 10.51207pt on input line 67.
LaTeX Font Info:    Font shape `T1/mdbch/b/it' will be
(Font)              scaled to size 10.51207pt on input line 85.
pdfTeX warning (ext4): destination with the same identifier (name{page.}) has b
een already used, duplicate ignored
<to be read again> 
                   \relax 
l.112 \begin{itemize}
                      [2]
<figs/mppa-overview.pdf, id=202, 935.72418pt x 678.26746pt>
File: figs/mppa-overview.pdf Graphic file (type pdf)
<use figs/mppa-overview.pdf>
Package pdftex.def Info: figs/mppa-overview.pdf  used on input line 121.
(pdftex.def)             Requested size: 199.16928pt x 144.36537pt.
pdfTeX warning (ext4): destination with the same identifier (name{page.}) has b
een already used, duplicate ignored
<to be read again> 
                   \relax 
l.136 \subsection
                 {Comunicao assincrona} [3 <./figs/mppa-overview.pdf>]
<figs/putget.pdf, id=246, 798.73407pt x 498.36188pt>
File: figs/putget.pdf Graphic file (type pdf)
<use figs/putget.pdf>
Package pdftex.def Info: figs/putget.pdf  used on input line 143.
(pdftex.def)             Requested size: 199.16928pt x 124.27077pt.
pdfTeX warning (ext4): destination with the same identifier (name{page.}) has b
een already used, duplicate ignored
<to be read again> 
                   \relax 
l.165 \subsection
                 {Alteraes no K-Means} [4 <./figs/putget.pdf>]
LaTeX Font Info:    Font shape `T1/cmtt/m/n' will be
(Font)              scaled to size 11.73846pt on input line 176.
pdfTeX warning (ext4): destination with the same identifier (name{page.}) has b
een already used, duplicate ignored
<to be read again> 
                   \relax 
l.177 
       [5] (main.bblpdfTeX warning (ext4): destination with the same identifier
 (name{page.}) has been already used, duplicate ignored
<to be read again> 
                   \relax 
l.56 
      [6])pdfTeX warning (ext4): destination with the same identifier (name{pag
e.}) has been already used, duplicate ignored
<to be read again> 
                   \relax 
l.199 \end{document}
                     [7]
Package atveryend Info: Empty hook `BeforeClearDocument' on input line 199.
Package atveryend Info: Empty hook `AfterLastShipout' on input line 199.
 (main.aux)
Package atveryend Info: Executing hook `AtVeryEndDocument' on input line 199.
Package atveryend Info: Executing hook `AtEndAfterFileList' on input line 199.
Package rerunfilecheck Info: File `main.out' has not changed.
(rerunfilecheck)             Checksum: FF64BE3A412F40CDBCD40E14D8DDF6AE;1333.
Package atveryend Info: Empty hook `AtVeryVeryEnd' on input line 199.
 ) 
Here is how much of TeX's memory you used:
 26714 strings out of 492895
 491935 string characters out of 3133456
 595470 words of memory out of 3000000
 30024 multiletter control sequences out of 15000+200000
 53059 words of font info for 83 fonts, out of 3000000 for 9000
 1141 hyphenation exceptions out of 8191
 62i,23n,81p,1992b,564s stack positions out of 5000i,500n,10000p,200000b,50000s
pdfTeX warning (dest): name{glo:e/s} has been referenced but does not exist, 
replaced by a fixed one

pdfTeX warning (dest): name{glo:noc} has been referenced but does not exist, re
placed by a fixed one

pdfTeX warning (dest): name{glo:pe} has been referenced but does not exist, rep
laced by a fixed one

pdfTeX warning (dest): name{glo:lpddr} has been referenced but does not exist, 
replaced by a fixed one

pdfTeX warning (dest): name{glo:io} has been referenced but does not exist, rep
laced by a fixed one

pdfTeX warning (dest): name{glo:ccs} has been referenced but does not exist, re
placed by a fixed one

pdfTeX warning (dest): name{glo:ASYNC} has been referenced but does not exist, 
replaced by a fixed one

pdfTeX warning (dest): name{glo:ipc} has been referenced but does not exist, re
placed by a fixed one

pdfTeX warning (dest): name{glo:api} has been referenced but does not exist, re
placed by a fixed one

pdfTeX warning (dest): name{glo:cc} has been referenced but does not exist, rep
laced by a fixed one

pdfTeX warning (dest): name{glo:hpc} has been referenced but does not exist, re
placed by a fixed one

 <C:\Users\David Ordine\AppData\Local\MiKTeX\2.9\fonts/pk/ljfour/jknappen/ec/dp
i643\ectt1095.pk>{C:/Users/David Ordine/AppData/Roaming/MiKTeX/2.9/fonts/enc/dv
ips/ly1/texnansi.enc}<C:/Users/David Ordine/AppData/Roaming/MiKTeX/2.9/fonts/ty
pe1/bitstrea/charter/bchb8a.pfb><C:/Users/David Ordine/AppData/Roaming/MiKTeX/2
.9/fonts/type1/bitstrea/charter/bchbi8a.pfb><C:/Users/David Ordine/AppData/Roam
ing/MiKTeX/2.9/fonts/type1/bitstrea/charter/bchr8a.pfb><C:/Users/David Ordine/A
ppData/Roaming/MiKTeX/2.9/fonts/type1/bitstrea/charter/bchri8a.pfb><C:/Users/Da
vid Ordine/AppData/Roaming/MiKTeX/2.9/fonts/type1/mathdesign/mdbch/md-chb8t.pfb
><C:/Users/David Ordine/AppData/Roaming/MiKTeX/2.9/fonts/type1/mathdesign/mdbch
/md-chr7y.pfb><C:/Users/David Ordine/AppData/Roaming/MiKTeX/2.9/fonts/type1/mat
hdesign/mdbch/md-chr8t.pfb><C:/Users/David Ordine/AppData/Roaming/MiKTeX/2.9/fo
nts/type1/mathdesign/mdbch/md-chri8t.pfb>
Output written on main.pdf (7 pages, 298599 bytes).
PDF statistics:
 381 PDF objects out of 1000 (max. 8388607)
 52 named destinations out of 1000 (max. 500000)
 273 words of extra memory for PDF output out of 10000 (max. 10000000)

